2025-11-20 19:37:52,067 INFO: Current offset already in ini
2025-11-20 19:38:28,572 ERROR: Unexpected error: [Errno 13] Permission denied: 'C:\\\\Program Files\\\\RDP Wrapper\\\\rdpwrap.ini'
2025-11-20 19:39:49,656 INFO: Appended current offset to the ini:
[10.0.26100.7019]
SingleUserPatch.x64=1
SingleUserOffset.x64=9EC3B
SingleUserCode.x64=mov_eax_1_nop_2
DefPolicyPatch.x64=1
DefPolicyOffset.x64=9C05F
DefPolicyCode.x64=CDefPolicy_Query_eax_rcx_jmp
LocalOnlyPatch.x64=1
LocalOnlyOffset.x64=91FD1
LocalOnlyCode.x64=jmpshort
SLInitHook.x64=1
SLInitOffset.x64=B28D8
SLInitFunc.x64=New_CSLQuery_Initialize

[10.0.26100.7019-SLInit]
bServerSku.x64=125F54
bRemoteConnAllowed.x64=125F68
bFUSEnabled.x64=125F78
bAppServerAllowed.x64=125F5C
bMultimonAllowed.x64=125F6C
lMaxUserSessions.x64=125F58
ulMaxDebugSessions.x64=125F74
bInitialized.x64=125F50
2025-11-20 19:55:44,422 ERROR: Unexpected error: [WinError 2] Das System kann die angegebene Datei nicht finden
2025-11-20 20:00:47,182 ERROR: Unexpected error: [WinError 2] Das System kann die angegebene Datei nicht finden
2025-11-20 20:02:20,951 ERROR: Unexpected error: [WinError 2] Das System kann die angegebene Datei nicht finden
2025-11-20 20:03:47,359 INFO: Current offset already in ini
2025-11-20 21:01:24,381 INFO: Current offset already in ini
2025-11-20 21:03:15,673 INFO: Current offset already in ini
2025-11-20 21:03:37,552 INFO: Current offset already in ini
2025-11-20 21:05:19,605 INFO: Current offset already in ini
